Case #1: SaintFrank HotfixBar Ballpit MPK20Roof PopUpShop ChosHawkerCenter HalalTruck FoxPainting Sol LivingTheDream SweetStop WallOfPhones HackerSquare LateHarvest TuringInDominoes LightningBolts ColdBrewMachine BurgerShack Nanokitchen
Case #2: Ballpit Helpdesk NailPolishRoomBlock MPK20Roof FullCircle TuringInDominoes BlueBottle OculusDemoLab HackerSquare LivingTheDream FakeCrosswalk FreshOrangeJuice PhilzCoffee FukiSushiInOldenDays Nanokitchen BridgeClub WallOfPhones LateHarvest ConstitutionDeli LikeSign VerveCoffee Microkitchen DentalOffice Sol ChosHawkerCenter TransportationHub ZucksOffice RainbowStairs HotfixBar SonOfPingAndPong BurgerShack PopUpShop Harvest LightningBolts TechVendingMachine HalalTruck
Case #3: DentalOffice MamaPennys Microkitchen LightningBolts ConstitutionDeli Harvest FakeCrosswalk WoodenSculpture VerveCoffee PhilzCoffee CafeEpic SugarShack FoxPainting Arcade LateHarvest ColdBrewMachine SonOfPingAndPong
Case #4: TuringInDominoes LivingTheDream HackerSquare WoodenSculpture
Case #5: MPK20Roof ShuttlePlatform Sol TuringInDominoes FoxPainting WoodenSculpture Harvest Microkitchen SwagStore ZucksOffice BurgerShack Arcade
Case #6: LivingTheDream
Case #7: PopUpShop PhilzCoffee MPK20Roof LightningBolts ChosHawkerCenter Microkitchen CafeEpic BlueBottle ZucksOffice BridgeClub Ballpit VerveCoffee ColdBrewMachine WoodenSculpture
Case #8: Sol Helpdesk PhilzCoffee OculusDemoLab VerveCoffee LateHarvest Ballpit SweetStop DentalOffice NailPolishRoomBlock SwagStore BurgerShack SonOfPingAndPong MamaPennys ColdBrewMachine ConstitutionDeli FullCircle Nanokitchen ShuttlePlatform CafeEpic Microkitchen TuringInDominoes MPK20Roof SaintFrank Harvest LikeSign ZucksOffice ChosHawkerCenter WoodenSculpture SugarShack WallOfPhones HotfixBar FoxPainting
Case #9: Arcade ConstitutionDeli HotfixBar
Case #10: LightningBolts VerveCoffee
Case #11: BahnAppetit LightningBolts FakeCrosswalk SwagStore HotfixBar VerveCoffee FukiSushiInOldenDays ColdBrewMachine PopUpShop LikeSign WallOfPhones BlueBottle TechVendingMachine FullCircle Arcade
Case #12: Ballpit Harvest TransportationHub
Case #13: LivingTheDream
Case #14: Helpdesk NailPolishRoomBlock HalalTruck ChosHawkerCenter BurgerShack LateHarvest SweetStop FukiSushiInOldenDays Nanokitchen SonOfPingAndPong MamaPennys Sol FullCircle PopUpShop VerveCoffee MPK20Roof ShuttlePlatform HackerSquare RainbowStairs SugarShack ColdBrewMachine LivingTheDream WallOfPhones ZucksOldOffice Ballpit
Case #15: TechVendingMachine
Case #16: DentalOffice BahnAppetit WoodenSculpture LateHarvest BurgerShack ConstitutionDeli FoxGazebo VerveCoffee SweetStop
Case #17: SaintFrank SonOfPingAndPong WallOfPhones SweetStop VerveCoffee WoodenSculpture Nanokitchen
Case #18: CafeEpic SonOfPingAndPong SweetStop
Case #19: ZucksOldOffice ChosHawkerCenter Harvest SonOfPingAndPong Nanokitchen TuringInDominoes HotfixBar MPK20Roof FoxGazebo Arcade HackerSquare Ballpit FukiSushiInOldenDays SugarShack CafeEpic Helpdesk ColdBrewMachine
Case #20: SweetStop
Case #21: LikeSign SweetStop SwagStore
Case #22: Arcade
Case #23: WoodenSculpture MPK20Roof Harvest Nanokitchen
Case #24: RainbowStairs LateHarvest CafeEpic LightningBolts SugarShack BridgeClub ShuttlePlatform ChosHawkerCenter TransportationHub SonOfPingAndPong
Case #25: LikeSign Arcade SwagStore
Case #26: Nanokitchen Arcade Ballpit SwagStore FreshOrangeJuice ShuttlePlatform LikeSign HotfixBar LivingTheDream RainbowStairs FoxPainting Harvest BahnAppetit VerveCoffee TransportationHub ConstitutionDeli CafeEpic SweetStop Helpdesk Sol FakeCrosswalk BurgerShack Microkitchen ColdBrewMachine MamaPennys
Case #27: ChosHawkerCenter Arcade FoxGazebo FukiSushiInOldenDays WallOfPhones HackerSquare VerveCoffee BurgerShack HotfixBar FreshOrangeJuice WoodenSculpture
Case #28: ZucksOldOffice Harvest FakeCrosswalk WallOfPhones LateHarvest HotfixBar Helpdesk
Case #29: FullCircle FukiSushiInOldenDays WallOfPhones NailPolishRoomBlock Ballpit
Case #30: ZucksOffice ChosHawkerCenter LivingTheDream FullCircle SaintFrank RainbowStairs MamaPennys ConstitutionDeli SugarShack TuringInDominoes MPK20Roof BridgeClub LightningBolts WallOfPhones FreshOrangeJuice SweetStop Nanokitchen Ballpit Sol LikeSign TransportationHub SonOfPingAndPong OculusDemoLab
Case #31: LikeSign Arcade SweetStop
Case #32: WoodenSculpture Harvest FukiSushiInOldenDays PopUpShop ShuttlePlatform BahnAppetit NailPolishRoomBlock SwagStore SugarShack
Case #33: ColdBrewMachine ZucksOldOffice
Case #34: FreshOrangeJuice ColdBrewMachine OculusDemoLab ZucksOffice FoxPainting Ballpit WoodenSculpture VerveCoffee BlueBottle HackerSquare LikeSign
Case #35: OculusDemoLab Nanokitchen MPK20Roof CafeEpic LivingTheDream TuringInDominoes BurgerShack DentalOffice NailPolishRoomBlock Sol Harvest SonOfPingAndPong SwagStore FakeCrosswalk FoxGazebo TechVendingMachine FullCircle ZucksOldOffice ConstitutionDeli SugarShack PopUpShop FukiSushiInOldenDays ZucksOffice FoxPainting BlueBottle SweetStop MamaPennys RainbowStairs WallOfPhones LightningBolts SaintFrank ShuttlePlatform ChosHawkerCenter Arcade TransportationHub HackerSquare WoodenSculpture PhilzCoffee Microkitchen BahnAppetit
Case #36: OculusDemoLab Ballpit ZucksOffice VerveCoffee SugarShack SaintFrank FoxGazebo RainbowStairs Nanokitchen TransportationHub LightningBolts BlueBottle BurgerShack WallOfPhones ConstitutionDeli MPK20Roof ChosHawkerCenter HalalTruck WoodenSculpture MamaPennys PopUpShop CafeEpic LivingTheDream LateHarvest FukiSushiInOldenDays FoxPainting
Case #37: WallOfPhones RainbowStairs HackerSquare NailPolishRoomBlock DentalOffice ConstitutionDeli Harvest LivingTheDream BridgeClub Nanokitchen HalalTruck LightningBolts BurgerShack SonOfPingAndPong OculusDemoLab VerveCoffee ShuttlePlatform ZucksOffice TechVendingMachine TuringInDominoes LateHarvest Microkitchen
Case #38: TuringInDominoes Microkitchen BridgeClub FreshOrangeJuice
Case #39: DentalOffice Microkitchen TechVendingMachine Harvest PopUpShop SonOfPingAndPong ConstitutionDeli Helpdesk TuringInDominoes FoxPainting ZucksOldOffice SweetStop MamaPennys LikeSign TransportationHub BlueBottle LivingTheDream CafeEpic WoodenSculpture FukiSushiInOldenDays FoxGazebo SwagStore Sol SaintFrank RainbowStairs BurgerShack ShuttlePlatform BahnAppetit Nanokitchen LightningBolts PhilzCoffee Ballpit HotfixBar ColdBrewMachine FakeCrosswalk VerveCoffee FreshOrangeJuice OculusDemoLab FullCircle MPK20Roof LateHarvest SugarShack WallOfPhones ChosHawkerCenter NailPolishRoomBlock
Case #40: ShuttlePlatform NailPolishRoomBlock LightningBolts MamaPennys Microkitchen HalalTruck CafeEpic BahnAppetit PhilzCoffee SaintFrank BurgerShack FoxPainting HotfixBar FoxGazebo HackerSquare SwagStore LikeSign FullCircle Arcade VerveCoffee
Case #41: FoxGazebo MPK20Roof WoodenSculpture Biryani
Case #42: TransportationHub Ballpit RainbowStairs SwagStore BridgeClub ZucksOffice
Case #43: ShuttlePlatform TuringInDominoes FukiSushiInOldenDays WoodenSculpture TechVendingMachine ZucksOffice LikeSign ZucksOldOffice HalalTruck Sol OculusDemoLab RainbowStairs LightningBolts SugarShack FakeCrosswalk LateHarvest WallOfPhones ConstitutionDeli HotfixBar TransportationHub MamaPennys Arcade Ballpit FoxPainting
Case #44: RainbowStairs WallOfPhones FoxGazebo Helpdesk Arcade Harvest NailPolishRoomBlock FullCircle PopUpShop OculusDemoLab SaintFrank MamaPennys Sol FoxPainting HalalTruck LateHarvest FakeCrosswalk SugarShack BlueBottle SweetStop TuringInDominoes CafeEpic LivingTheDream DentalOffice ZucksOffice SonOfPingAndPong Nanokitchen ColdBrewMachine MPK20Roof WoodenSculpture PhilzCoffee BahnAppetit SwagStore FreshOrangeJuice ConstitutionDeli ShuttlePlatform LightningBolts ZucksOldOffice LikeSign TechVendingMachine Ballpit
Case #45: Helpdesk ChosHawkerCenter SugarShack BlueBottle LivingTheDream
Case #46: FullCircle
Case #47: PhilzCoffee CafeEpic FukiSushiInOldenDays Microkitchen RainbowStairs LivingTheDream WoodenSculpture FoxGazebo FoxPainting OculusDemoLab Sol SaintFrank FullCircle SweetStop ChosHawkerCenter ColdBrewMachine BahnAppetit Ballpit VerveCoffee TechVendingMachine PopUpShop TransportationHub ConstitutionDeli WallOfPhones FakeCrosswalk ZucksOldOffice MamaPennys NailPolishRoomBlock Helpdesk LikeSign HotfixBar LateHarvest Harvest Nanokitchen BridgeClub ZucksOffice BurgerShack DentalOffice Arcade ShuttlePlatform FreshOrangeJuice BlueBottle
Case #48: FullCircle Sol MPK20Roof Arcade FoxPainting HotfixBar
Case #49: VerveCoffee LightningBolts BlueBottle SwagStore
Case #50: ZucksOldOffice ZucksOffice BlueBottle TransportationHub
Case #51: PhilzCoffee SonOfPingAndPong LikeSign ChosHawkerCenter Sol ConstitutionDeli Arcade SugarShack LateHarvest DentalOffice TransportationHub LightningBolts Helpdesk VerveCoffee FukiSushiInOldenDays WallOfPhones BridgeClub WoodenSculpture BurgerShack TuringInDominoes HalalTruck CafeEpic TechVendingMachine ZucksOldOffice FoxPainting BlueBottle ShuttlePlatform SweetStop Ballpit ZucksOffice FreshOrangeJuice
Case #52: ConstitutionDeli TuringInDominoes Harvest HackerSquare NailPolishRoomBlock Ballpit BlueBottle OculusDemoLab Nanokitchen TechVendingMachine BahnAppetit VerveCoffee HalalTruck LivingTheDream SugarShack FoxPainting LateHarvest SonOfPingAndPong DentalOffice HotfixBar BridgeClub LikeSign MamaPennys SwagStore RainbowStairs BurgerShack
Case #53: MamaPennys FakeCrosswalk DentalOffice NailPolishRoomBlock HotfixBar Harvest ShuttlePlatform ConstitutionDeli BlueBottle BridgeClub LateHarvest VerveCoffee SweetStop HalalTruck SwagStore FreshOrangeJuice ZucksOldOffice FukiSushiInOldenDays CafeEpic SaintFrank Arcade MPK20Roof FoxPainting SugarShack ZucksOffice FullCircle LivingTheDream Helpdesk WallOfPhones RainbowStairs
Case #54: Nanokitchen Arcade Helpdesk PopUpShop OculusDemoLab HalalTruck LikeSign HotfixBar BahnAppetit BridgeClub FoxPainting TechVendingMachine
Case #55: TechVendingMachine Arcade
Case #56: ColdBrewMachine WoodenSculpture LightningBolts SweetStop BahnAppetit FukiSushiInOldenDays BurgerShack ConstitutionDeli ChosHawkerCenter ShuttlePlatform LikeSign MPK20Roof Ballpit Sol TechVendingMachine NailPolishRoomBlock
Case #57: CafeEpic Sol TransportationHub TuringInDominoes
Case #58: ShuttlePlatform NailPolishRoomBlock TechVendingMachine PopUpShop FukiSushiInOldenDays ChosHawkerCenter Arcade BridgeClub LightningBolts HotfixBar MPK20Roof
Case #59: HotfixBar RainbowStairs Sol SweetStop CafeEpic LivingTheDream ZucksOffice TuringInDominoes OculusDemoLab LightningBolts NailPolishRoomBlock DentalOffice Nanokitchen PhilzCoffee SwagStore BahnAppetit FreshOrangeJuice FoxGazebo VerveCoffee ShuttlePlatform FakeCrosswalk BurgerShack TransportationHub FukiSushiInOldenDays ColdBrewMachine PopUpShop SonOfPingAndPong Harvest BlueBottle ZucksOldOffice MPK20Roof ChosHawkerCenter TechVendingMachine SugarShack WoodenSculpture FoxPainting Arcade Helpdesk BridgeClub ConstitutionDeli Microkitchen SaintFrank HalalTruck LateHarvest LikeSign MamaPennys WallOfPhones
Case #60: BlueBottle NailPolishRoomBlock HackerSquare WallOfPhones LateHarvest BridgeClub Harvest Microkitchen WoodenSculpture ConstitutionDeli LightningBolts DentalOffice FullCircle SugarShack LivingTheDream PopUpShop RainbowStairs ChosHawkerCenter HotfixBar PhilzCoffee ColdBrewMachine ShuttlePlatform MPK20Roof Arcade CafeEpic SweetStop VerveCoffee SwagStore ZucksOffice FukiSushiInOldenDays TransportationHub HalalTruck Sol TechVendingMachine
Case #61: WallOfPhones HalalTruck SugarShack BurgerShack
Case #62: ShuttlePlatform BridgeClub Microkitchen BlueBottle LightningBolts OculusDemoLab NailPolishRoomBlock SweetStop LikeSign ZucksOffice FullCircle HotfixBar SaintFrank LivingTheDream Helpdesk MPK20Roof Arcade ColdBrewMachine Sol WallOfPhones FoxPainting RainbowStairs DentalOffice FakeCrosswalk PhilzCoffee TuringInDominoes PopUpShop
Case #63: PhilzCoffee ZucksOffice BlueBottle HackerSquare ChosHawkerCenter
Case #64: SweetStop Harvest ZucksOffice OculusDemoLab HalalTruck Arcade BridgeClub MamaPennys SwagStore PhilzCoffee Sol CafeEpic LivingTheDream Microkitchen SugarShack NailPolishRoomBlock RainbowStairs BahnAppetit BlueBottle TransportationHub FullCircle ColdBrewMachine PopUpShop SaintFrank ChosHawkerCenter ZucksOldOffice Nanokitchen LateHarvest ConstitutionDeli FoxGazebo
Case #65: FoxPainting Microkitchen FreshOrangeJuice
Case #66: ShuttlePlatform BlueBottle
Case #67: ShuttlePlatform TechVendingMachine CafeEpic ConstitutionDeli MPK20Roof BlueBottle TuringInDominoes FukiSushiInOldenDays Nanokitchen LightningBolts FreshOrangeJuice
Case #68: LivingTheDream ZucksOldOffice LightningBolts FukiSushiInOldenDays FreshOrangeJuice ZucksOffice FullCircle TechVendingMachine TransportationHub WallOfPhones MamaPennys
Case #69: WallOfPhones
Case #70: WallOfPhones ConstitutionDeli BridgeClub TuringInDominoes BahnAppetit ZucksOffice OculusDemoLab Microkitchen Arcade ShuttlePlatform NailPolishRoomBlock SweetStop SwagStore HackerSquare TechVendingMachine SonOfPingAndPong
Case #71: MPK20Roof FreshOrangeJuice LightningBolts BahnAppetit WoodenSculpture TransportationHub Helpdesk CafeEpic WallOfPhones Arcade FullCircle Microkitchen SugarShack Nanokitchen BurgerShack SweetStop ZucksOffice Sol SaintFrank DentalOffice BlueBottle VerveCoffee
Case #72: Harvest FukiSushiInOldenDays ZucksOldOffice NailPolishRoomBlock MPK20Roof
Case #73: ZucksOffice SweetStop
Case #74: TuringInDominoes VerveCoffee FukiSushiInOldenDays ShuttlePlatform TechVendingMachine ColdBrewMachine LightningBolts BridgeClub HotfixBar OculusDemoLab CafeEpic FakeCrosswalk SonOfPingAndPong FullCircle ZucksOffice Arcade SugarShack FoxGazebo MPK20Roof ConstitutionDeli WallOfPhones ChosHawkerCenter WoodenSculpture
Case #75: Harvest TechVendingMachine FreshOrangeJuice LightningBolts Sol DentalOffice
Case #76: ColdBrewMachine ConstitutionDeli Harvest MamaPennys
Case #77: CafeEpic
Case #78: Harvest TechVendingMachine
Case #79: PhilzCoffee HalalTruck Microkitchen MPK20Roof ColdBrewMachine
Case #80: Nanokitchen DentalOffice SwagStore BlueBottle FoxGazebo SonOfPingAndPong VerveCoffee ChosHawkerCenter NailPolishRoomBlock Microkitchen
