Case #1: 1 0
Case #2: 1 0
Case #3: 1 1
Case #4: 0 0
Case #5: 500 499
Case #6: 0 0
Case #7: 0 0
Case #8: 2 2
Case #9: 250000000000000000 249999999999999999
Case #10: 3906249999999999 3906249999999999
Case #11: 1 0
Case #12: 0 0
Case #13: 1 1
Case #14: 1 1
Case #15: 0 0
Case #16: 0 0
Case #17: 1 1
Case #18: 1 0
Case #19: 0 0
Case #20: 1 0
Case #21: 1 0
Case #22: 0 0
Case #23: 1 0
Case #24: 0 0
Case #25: 0 0
Case #26: 1 1
Case #27: 0 0
Case #28: 0 0
Case #29: 1 1
Case #30: 0 0
Case #31: 2 2
Case #32: 0 0
Case #33: 1 0
Case #34: 0 0
Case #35: 0 0
Case #36: 0 0
Case #37: 3906249999999999 3906249999999999
Case #38: 1 0
Case #39: 1 0
Case #40: 1 1
Case #41: 0 0
Case #42: 2 2
Case #43: 0 0
Case #44: 0 0
Case #45: 0 0
Case #46: 250000000000000000 249999999999999999
Case #47: 0 0
Case #48: 1 0
Case #49: 0 0
Case #50: 7812499999999999 7812499999999999
Case #51: 1 0
Case #52: 0 0
Case #53: 2 2
Case #54: 0 0
Case #55: 0 0
Case #56: 1 1
Case #57: 0 0
Case #58: 0 0
Case #59: 1 0
Case #60: 500000000000000000 499999999999999999
Case #61: 3906250000000000 3906249999999999
Case #62: 0 0
Case #63: 0 0
Case #64: 125000000000000000 124999999999999999
Case #65: 0 0
Case #66: 1 1
Case #67: 1 0
Case #68: 0 0
Case #69: 1 1
Case #70: 0 0
Case #71: 2 2
Case #72: 1 0
Case #73: 7812499999999999 7812499999999999
Case #74: 499999999999999999 499999999999999999
Case #75: 0 0
Case #76: 1 0
Case #77: 0 0
Case #78: 0 0
Case #79: 0 0
Case #80: 0 0
Case #81: 0 0
Case #82: 2 1
Case #83: 0 0
Case #84: 1 0
Case #85: 249999999999999999 249999999999999999
Case #86: 1953125000000000 1953124999999999
Case #87: 0 0
Case #88: 1 0
Case #89: 0 0
Case #90: 1 0
Case #91: 0 0
Case #92: 0 0
Case #93: 2 2
Case #94: 1 0
Case #95: 0 0
Case #96: 1 0
Case #97: 0 0
Case #98: 1 1
Case #99: 2 2
Case #100: 0 0
