Case #1: 1 0
Case #2: 1 0
Case #3: 1 1
Case #4: 0 0
Case #5: 500 499
Case #6: 0 0
Case #7: 0 0
Case #8: 250000 249999
Case #9: 1 0
Case #10: 1 0
Case #11: 0 0
Case #12: 2 1
Case #13: 1 0
Case #14: 0 0
Case #15: 1 0
Case #16: 1 1
Case #17: 0 0
Case #18: 0 0
Case #19: 0 0
Case #20: 250000 249999
Case #21: 0 0
Case #22: 0 0
Case #23: 3906 3905
Case #24: 0 0
Case #25: 1 0
Case #26: 0 0
Case #27: 1 0
Case #28: 1 0
Case #29: 7812 7811
Case #30: 0 0
Case #31: 0 0
Case #32: 0 0
Case #33: 3 2
Case #34: 0 0
Case #35: 1 0
Case #36: 0 0
Case #37: 7812 7811
Case #38: 0 0
Case #39: 0 0
Case #40: 0 0
Case #41: 1 1
Case #42: 0 0
Case #43: 0 0
Case #44: 0 0
Case #45: 1 1
Case #46: 1 1
Case #47: 1 0
Case #48: 0 0
Case #49: 0 0
Case #50: 0 0
Case #51: 3905 3905
Case #52: 1 1
Case #53: 1 0
Case #54: 1 0
Case #55: 1 0
Case #56: 1 1
Case #57: 1 1
Case #58: 0 0
Case #59: 0 0
Case #60: 3906 3905
Case #61: 0 0
Case #62: 0 0
Case #63: 1953 1952
Case #64: 0 0
Case #65: 0 0
Case #66: 0 0
Case #67: 0 0
Case #68: 500000 499999
Case #69: 0 0
Case #70: 1 1
Case #71: 2 2
Case #72: 0 0
Case #73: 1 1
Case #74: 0 0
Case #75: 1 0
Case #76: 0 0
Case #77: 0 0
Case #78: 125000 124999
Case #79: 1 0
Case #80: 0 0
Case #81: 0 0
Case #82: 3 2
Case #83: 0 0
Case #84: 0 0
Case #85: 1 0
Case #86: 0 0
Case #87: 1 0
Case #88: 1 0
Case #89: 0 0
Case #90: 0 0
Case #91: 0 0
Case #92: 249999 249999
Case #93: 499999 499999
Case #94: 3 2
Case #95: 0 0
Case #96: 0 0
Case #97: 1 0
Case #98: 0 0
Case #99: 1 0
Case #100: 1 1
